This file contains any messages produced by compilers while
running configure, to aid debugging if configure makes a mistake.

It was created by Protocol Buffers configure 2.5.0, which was
generated by GNU Autoconf 2.69.  Invocation command line was

  $ ./configure --prefix=/root/alliedmodders/sourcemod/extensions/sm-ext-voice/pb --build=i686-pc-linux-gnu CFLAGS=-m32 -D_GLIBCXX_USE_CXX11_ABI=0 -std=c++14 CXXFLAGS=-m32 -D_GLIBCXX_USE_CXX11_ABI=0 -std=c++14 LDFLAGS=-m32 -D_GLIBCXX_USE_CXX11_ABI=0 -std=c++14 --disable-shared --enable-static

## --------- ##
## Platform. ##
## --------- ##

hostname = enemydowns
uname -m = x86_64
uname -r = 5.4.0-121-generic
uname -s = Linux
uname -v = #137-Ubuntu SMP Wed Jun 15 13:33:07 UTC 2022

/usr/bin/uname -p = x86_64
/bin/uname -X     = unknown

/bin/arch              = x86_64
/usr/bin/arch -k       = unknown
/usr/convex/getsysinfo = unknown
/usr/bin/hostinfo      = unknown
/bin/machine           = unknown
/usr/bin/oslevel       = unknown
/bin/universe          = unknown

PATH: /usr/local/sbin
PATH: /usr/local/bin
PATH: /usr/sbin
PATH: /usr/bin
PATH: /sbin
PATH: /bin
PATH: /usr/games
PATH: /usr/local/games
PATH: /snap/bin


## ----------- ##
## Core tests. ##
## ----------- ##

configure:2499: checking whether to enable maintainer-specific portions of Makefiles
configure:2508: result: yes
configure:2569: checking build system type
configure:2583: result: i686-pc-linux-gnu
configure:2603: checking host system type
configure:2616: result: i686-pc-linux-gnu
configure:2636: checking target system type
configure:2649: result: i686-pc-linux-gnu
configure:2692: checking for a BSD-compatible install
configure:2760: result: /usr/bin/install -c
configure:2771: checking whether build environment is sane
configure:2826: result: yes
configure:2975: checking for a thread-safe mkdir -p
configure:3014: result: /usr/bin/mkdir -p
configure:3021: checking for gawk
configure:3037: found /usr/bin/gawk
configure:3048: result: gawk
configure:3059: checking whether make sets $(MAKE)
configure:3081: result: yes
configure:3110: checking whether make supports nested variables
configure:3127: result: yes
configure:3321: checking for gcc
configure:3337: found /usr/bin/gcc
configure:3348: result: gcc
configure:3577: checking for C compiler version
configure:3586: gcc --version >&5
gcc (Ubuntu 9.4.0-1ubuntu1~20.04.1) 9.4.0
Copyright (C) 2019 Free Software Foundation, Inc.
This is free software; see the source for copying conditions.  There is NO
warranty; not even for MERCHANTABILITY or FITNESS FOR A PARTICULAR PURPOSE.

configure:3597: $? = 0
configure:3586: gcc -v >&5
Using built-in specs.
COLLECT_GCC=gcc
COLLECT_LTO_WRAPPER=/usr/lib/gcc/x86_64-linux-gnu/9/lto-wrapper
OFFLOAD_TARGET_NAMES=nvptx-none:hsa
OFFLOAD_TARGET_DEFAULT=1
Target: x86_64-linux-gnu
Configured with: ../src/configure -v --with-pkgversion='Ubuntu 9.4.0-1ubuntu1~20.04.1' --with-bugurl=file:///usr/share/doc/gcc-9/README.Bugs --enable-languages=c,ada,c++,go,brig,d,fortran,objc,obj-c++,gm2 --prefix=/usr --with-gcc-major-version-only --program-suffix=-9 --program-prefix=x86_64-linux-gnu- --enable-shared --enable-linker-build-id --libexecdir=/usr/lib --without-included-gettext --enable-threads=posix --libdir=/usr/lib --enable-nls --enable-clocale=gnu --enable-libstdcxx-debug --enable-libstdcxx-time=yes --with-default-libstdcxx-abi=new --enable-gnu-unique-object --disable-vtable-verify --enable-plugin --enable-default-pie --with-system-zlib --with-target-system-zlib=auto --enable-objc-gc=auto --enable-multiarch --disable-werror --with-arch-32=i686 --with-abi=m64 --with-multilib-list=m32,m64,mx32 --enable-multilib --with-tune=generic --enable-offload-targets=nvptx-none=/build/gcc-9-Av3uEd/gcc-9-9.4.0/debian/tmp-nvptx/usr,hsa --without-cuda-driver --enable-checking=release --build=x86_64-linux-gnu --host=x86_64-linux-gnu --target=x86_64-linux-gnu
Thread model: posix
gcc version 9.4.0 (Ubuntu 9.4.0-1ubuntu1~20.04.1) 
configure:3597: $? = 0
configure:3586: gcc -V >&5
gcc: error: unrecognized command line option '-V'
gcc: fatal error: no input files
compilation terminated.
configure:3597: $? = 1
configure:3586: gcc -qversion >&5
gcc: error: unrecognized command line option '-qversion'; did you mean '--version'?
gcc: fatal error: no input files
compilation terminated.
configure:3597: $? = 1
configure:3617: checking whether the C compiler works
configure:3639: gcc -m32 -D_GLIBCXX_USE_CXX11_ABI=0 -std=c++14  -m32 -D_GLIBCXX_USE_CXX11_ABI=0 -std=c++14 conftest.c  >&5
cc1: warning: command line option '-std=c++14' is valid for C++/ObjC++ but not for C
cc1: warning: command line option '-std=c++14' is valid for C++/ObjC++ but not for C
configure:3643: $? = 0
configure:3691: result: yes
configure:3694: checking for C compiler default output file name
configure:3696: result: a.out
configure:3702: checking for suffix of executables
configure:3709: gcc -o conftest -m32 -D_GLIBCXX_USE_CXX11_ABI=0 -std=c++14  -m32 -D_GLIBCXX_USE_CXX11_ABI=0 -std=c++14 conftest.c  >&5
cc1: warning: command line option '-std=c++14' is valid for C++/ObjC++ but not for C
cc1: warning: command line option '-std=c++14' is valid for C++/ObjC++ but not for C
configure:3713: $? = 0
configure:3735: result: 
configure:3757: checking whether we are cross compiling
configure:3765: gcc -o conftest -m32 -D_GLIBCXX_USE_CXX11_ABI=0 -std=c++14  -m32 -D_GLIBCXX_USE_CXX11_ABI=0 -std=c++14 conftest.c  >&5
cc1: warning: command line option '-std=c++14' is valid for C++/ObjC++ but not for C
cc1: warning: command line option '-std=c++14' is valid for C++/ObjC++ but not for C
configure:3769: $? = 0
configure:3776: ./conftest
configure:3780: $? = 0
configure:3768: result: no
configure:3773: checking for suffix of object files
configure:3795: gcc -c -m32 -D_GLIBCXX_USE_CXX11_ABI=0 -std=c++14  conftest.c >&5
cc1: warning: command line option '-std=c++14' is valid for C++/ObjC++ but not for C
configure:3799: $? = 0
configure:3820: result: o
configure:3824: checking whether we are using the GNU C compiler
configure:3843: gcc -c -m32 -D_GLIBCXX_USE_CXX11_ABI=0 -std=c++14  conftest.c >&5
cc1: warning: command line option '-std=c++14' is valid for C++/ObjC++ but not for C
configure:3843: $? = 0
configure:3852: result: yes
configure:3861: checking whether gcc accepts -g
configure:3881: gcc -c -g  conftest.c >&5
configure:3881: $? = 0
configure:3922: result: yes
configure:3939: checking for gcc option to accept ISO C89
configure:4002: gcc  -c -m32 -D_GLIBCXX_USE_CXX11_ABI=0 -std=c++14  conftest.c >&5
cc1: warning: command line option '-std=c++14' is valid for C++/ObjC++ but not for C
configure:4002: $? = 0
configure:4015: result: none needed
configure:4040: checking whether gcc understands -c and -o together
configure:4062: gcc -c conftest.c -o conftest2.o
configure:4065: $? = 0
configure:4062: gcc -c conftest.c -o conftest2.o
configure:4065: $? = 0
configure:4077: result: yes
configure:4097: checking whether make supports the include directive
configure:4112: make -f confmf.GNU && cat confinc.out
this is the am__doit target
configure:4115: $? = 0
configure:4134: result: yes (GNU style)
configure:4159: checking dependency style of gcc
configure:4270: result: gcc3
configure:4343: checking for g++
configure:4359: found /usr/bin/g++
configure:4370: result: g++
configure:4397: checking for C++ compiler version
configure:4406: g++ --version >&5
g++ (Ubuntu 9.4.0-1ubuntu1~20.04.1) 9.4.0
Copyright (C) 2019 Free Software Foundation, Inc.
This is free software; see the source for copying conditions.  There is NO
warranty; not even for MERCHANTABILITY or FITNESS FOR A PARTICULAR PURPOSE.

configure:4417: $? = 0
configure:4406: g++ -v >&5
Using built-in specs.
COLLECT_GCC=g++
COLLECT_LTO_WRAPPER=/usr/lib/gcc/x86_64-linux-gnu/9/lto-wrapper
OFFLOAD_TARGET_NAMES=nvptx-none:hsa
OFFLOAD_TARGET_DEFAULT=1
Target: x86_64-linux-gnu
Configured with: ../src/configure -v --with-pkgversion='Ubuntu 9.4.0-1ubuntu1~20.04.1' --with-bugurl=file:///usr/share/doc/gcc-9/README.Bugs --enable-languages=c,ada,c++,go,brig,d,fortran,objc,obj-c++,gm2 --prefix=/usr --with-gcc-major-version-only --program-suffix=-9 --program-prefix=x86_64-linux-gnu- --enable-shared --enable-linker-build-id --libexecdir=/usr/lib --without-included-gettext --enable-threads=posix --libdir=/usr/lib --enable-nls --enable-clocale=gnu --enable-libstdcxx-debug --enable-libstdcxx-time=yes --with-default-libstdcxx-abi=new --enable-gnu-unique-object --disable-vtable-verify --enable-plugin --enable-default-pie --with-system-zlib --with-target-system-zlib=auto --enable-objc-gc=auto --enable-multiarch --disable-werror --with-arch-32=i686 --with-abi=m64 --with-multilib-list=m32,m64,mx32 --enable-multilib --with-tune=generic --enable-offload-targets=nvptx-none=/build/gcc-9-Av3uEd/gcc-9-9.4.0/debian/tmp-nvptx/usr,hsa --without-cuda-driver --enable-checking=release --build=x86_64-linux-gnu --host=x86_64-linux-gnu --target=x86_64-linux-gnu
Thread model: posix
gcc version 9.4.0 (Ubuntu 9.4.0-1ubuntu1~20.04.1) 
configure:4417: $? = 0
configure:4406: g++ -V >&5
g++: error: unrecognized command line option '-V'
g++: fatal error: no input files
compilation terminated.
configure:4417: $? = 1
configure:4406: g++ -qversion >&5
g++: error: unrecognized command line option '-qversion'; did you mean '--version'?
g++: fatal error: no input files
compilation terminated.
configure:4417: $? = 1
configure:4421: checking whether we are using the GNU C++ compiler
configure:4440: g++ -c -m32 -D_GLIBCXX_USE_CXX11_ABI=0 -std=c++14  conftest.cpp >&5
configure:4440: $? = 0
configure:4449: result: yes
configure:4458: checking whether g++ accepts -g
configure:4478: g++ -c -g  conftest.cpp >&5
configure:4478: $? = 0
configure:4519: result: yes
configure:4544: checking dependency style of g++
configure:4655: result: gcc3
configure:4682: checking how to run the C++ preprocessor
configure:4709: g++ -E  conftest.cpp
configure:4709: $? = 0
configure:4723: g++ -E  conftest.cpp
conftest.cpp:11:10: fatal error: ac_nonexistent.h: No such file or directory
   11 | #include <ac_nonexistent.h>
      |          ^~~~~~~~~~~~~~~~~~
compilation terminated.
configure:4723: $? = 1
configure: failed program was:
| /* confdefs.h */
| #define PACKAGE_NAME "Protocol Buffers"
| #define PACKAGE_TARNAME "protobuf"
| #define PACKAGE_VERSION "2.5.0"
| #define PACKAGE_STRING "Protocol Buffers 2.5.0"
| #define PACKAGE_BUGREPORT "protobuf@googlegroups.com"
| #define PACKAGE_URL ""
| #define PACKAGE "protobuf"
| #define VERSION "2.5.0"
| /* end confdefs.h.  */
| #include <ac_nonexistent.h>
configure:4748: result: g++ -E
configure:4768: g++ -E  conftest.cpp
configure:4768: $? = 0
configure:4782: g++ -E  conftest.cpp
conftest.cpp:11:10: fatal error: ac_nonexistent.h: No such file or directory
   11 | #include <ac_nonexistent.h>
      |          ^~~~~~~~~~~~~~~~~~
compilation terminated.
configure:4782: $? = 1
configure: failed program was:
| /* confdefs.h */
| #define PACKAGE_NAME "Protocol Buffers"
| #define PACKAGE_TARNAME "protobuf"
| #define PACKAGE_VERSION "2.5.0"
| #define PACKAGE_STRING "Protocol Buffers 2.5.0"
| #define PACKAGE_BUGREPORT "protobuf@googlegroups.com"
| #define PACKAGE_URL ""
| #define PACKAGE "protobuf"
| #define VERSION "2.5.0"
| /* end confdefs.h.  */
| #include <ac_nonexistent.h>
configure:4811: checking for grep that handles long lines and -e
configure:4869: result: /usr/bin/grep
configure:4874: checking for egrep
configure:4936: result: /usr/bin/grep -E
configure:4941: checking for ANSI C header files
configure:4961: g++ -c -m32 -D_GLIBCXX_USE_CXX11_ABI=0 -std=c++14  conftest.cpp >&5
configure:4961: $? = 0
configure:5034: g++ -o conftest -m32 -D_GLIBCXX_USE_CXX11_ABI=0 -std=c++14  -m32 -D_GLIBCXX_USE_CXX11_ABI=0 -std=c++14 conftest.cpp  >&5
configure:5034: $? = 0
configure:5034: ./conftest
configure:5034: $? = 0
configure:5045: result: yes
configure:5058: checking for sys/types.h
configure:5058: g++ -c -m32 -D_GLIBCXX_USE_CXX11_ABI=0 -std=c++14  conftest.cpp >&5
configure:5058: $? = 0
configure:5058: result: yes
configure:5058: checking for sys/stat.h
configure:5058: g++ -c -m32 -D_GLIBCXX_USE_CXX11_ABI=0 -std=c++14  conftest.cpp >&5
configure:5058: $? = 0
configure:5058: result: yes
configure:5058: checking for stdlib.h
configure:5058: g++ -c -m32 -D_GLIBCXX_USE_CXX11_ABI=0 -std=c++14  conftest.cpp >&5
configure:5058: $? = 0
configure:5058: result: yes
configure:5058: checking for string.h
configure:5058: g++ -c -m32 -D_GLIBCXX_USE_CXX11_ABI=0 -std=c++14  conftest.cpp >&5
configure:5058: $? = 0
configure:5058: result: yes
configure:5058: checking for memory.h
configure:5058: g++ -c -m32 -D_GLIBCXX_USE_CXX11_ABI=0 -std=c++14  conftest.cpp >&5
configure:5058: $? = 0
configure:5058: result: yes
configure:5058: checking for strings.h
configure:5058: g++ -c -m32 -D_GLIBCXX_USE_CXX11_ABI=0 -std=c++14  conftest.cpp >&5
configure:5058: $? = 0
configure:5058: result: yes
configure:5058: checking for inttypes.h
configure:5058: g++ -c -m32 -D_GLIBCXX_USE_CXX11_ABI=0 -std=c++14  conftest.cpp >&5
configure:5058: $? = 0
configure:5058: result: yes
configure:5058: checking for stdint.h
configure:5058: g++ -c -m32 -D_GLIBCXX_USE_CXX11_ABI=0 -std=c++14  conftest.cpp >&5
configure:5058: $? = 0
configure:5058: result: yes
configure:5058: checking for unistd.h
configure:5058: g++ -c -m32 -D_GLIBCXX_USE_CXX11_ABI=0 -std=c++14  conftest.cpp >&5
configure:5058: $? = 0
configure:5058: result: yes
configure:5071: checking minix/config.h usability
configure:5071: g++ -c -m32 -D_GLIBCXX_USE_CXX11_ABI=0 -std=c++14  conftest.cpp >&5
conftest.cpp:54:10: fatal error: minix/config.h: No such file or directory
   54 | #include <minix/config.h>
      |          ^~~~~~~~~~~~~~~~
compilation terminated.
configure:5071: $? = 1
configure: failed program was:
| /* confdefs.h */
| #define PACKAGE_NAME "Protocol Buffers"
| #define PACKAGE_TARNAME "protobuf"
| #define PACKAGE_VERSION "2.5.0"
| #define PACKAGE_STRING "Protocol Buffers 2.5.0"
| #define PACKAGE_BUGREPORT "protobuf@googlegroups.com"
| #define PACKAGE_URL ""
| #define PACKAGE "protobuf"
| #define VERSION "2.5.0"
| #define STDC_HEADERS 1
| #define HAVE_SYS_TYPES_H 1
| #define HAVE_SYS_STAT_H 1
| #define HAVE_STDLIB_H 1
| #define HAVE_STRING_H 1
| #define HAVE_MEMORY_H 1
| #define HAVE_STRINGS_H 1
| #define HAVE_INTTYPES_H 1
| #define HAVE_STDINT_H 1
| #define HAVE_UNISTD_H 1
| /* end confdefs.h.  */
| #include <stdio.h>
| #ifdef HAVE_SYS_TYPES_H
| # include <sys/types.h>
| #endif
| #ifdef HAVE_SYS_STAT_H
| # include <sys/stat.h>
| #endif
| #ifdef STDC_HEADERS
| # include <stdlib.h>
| # include <stddef.h>
| #else
| # ifdef HAVE_STDLIB_H
| #  include <stdlib.h>
| # endif
| #endif
| #ifdef HAVE_STRING_H
| # if !defined STDC_HEADERS && defined HAVE_MEMORY_H
| #  include <memory.h>
| # endif
| # include <string.h>
| #endif
| #ifdef HAVE_STRINGS_H
| # include <strings.h>
| #endif
| #ifdef HAVE_INTTYPES_H
| # include <inttypes.h>
| #endif
| #ifdef HAVE_STDINT_H
| # include <stdint.h>
| #endif
| #ifdef HAVE_UNISTD_H
| # include <unistd.h>
| #endif
| #include <minix/config.h>
configure:5071: result: no
configure:5071: checking minix/config.h presence
configure:5071: g++ -E  conftest.cpp
conftest.cpp:21:10: fatal error: minix/config.h: No such file or directory
   21 | #include <minix/config.h>
      |          ^~~~~~~~~~~~~~~~
compilation terminated.
configure:5071: $? = 1
configure: failed program was:
| /* confdefs.h */
| #define PACKAGE_NAME "Protocol Buffers"
| #define PACKAGE_TARNAME "protobuf"
| #define PACKAGE_VERSION "2.5.0"
| #define PACKAGE_STRING "Protocol Buffers 2.5.0"
| #define PACKAGE_BUGREPORT "protobuf@googlegroups.com"
| #define PACKAGE_URL ""
| #define PACKAGE "protobuf"
| #define VERSION "2.5.0"
| #define STDC_HEADERS 1
| #define HAVE_SYS_TYPES_H 1
| #define HAVE_SYS_STAT_H 1
| #define HAVE_STDLIB_H 1
| #define HAVE_STRING_H 1
| #define HAVE_MEMORY_H 1
| #define HAVE_STRINGS_H 1
| #define HAVE_INTTYPES_H 1
| #define HAVE_STDINT_H 1
| #define HAVE_UNISTD_H 1
| /* end confdefs.h.  */
| #include <minix/config.h>
configure:5071: result: no
configure:5071: checking for minix/config.h
configure:5071: result: no
configure:5092: checking whether it is safe to define __EXTENSIONS__
configure:5110: g++ -c -m32 -D_GLIBCXX_USE_CXX11_ABI=0 -std=c++14  conftest.cpp >&5
configure:5110: $? = 0
configure:5117: result: yes
configure:5146: checking C++ compiler flags...
configure:5167: result: use user-supplied: -m32 -D_GLIBCXX_USE_CXX11_ABI=0 -std=c++14
configure:5182: checking whether __SUNPRO_CC is declared
configure:5182: g++ -c -m32 -D_GLIBCXX_USE_CXX11_ABI=0 -std=c++14  conftest.cpp >&5
conftest.cpp: In function 'int main()':
conftest.cpp:64:10: error: '__SUNPRO_CC' was not declared in this scope
   64 |   (void) __SUNPRO_CC;
      |          ^~~~~~~~~~~
configure:5182: $? = 1
configure: failed program was:
| /* confdefs.h */
| #define PACKAGE_NAME "Protocol Buffers"
| #define PACKAGE_TARNAME "protobuf"
| #define PACKAGE_VERSION "2.5.0"
| #define PACKAGE_STRING "Protocol Buffers 2.5.0"
| #define PACKAGE_BUGREPORT "protobuf@googlegroups.com"
| #define PACKAGE_URL ""
| #define PACKAGE "protobuf"
| #define VERSION "2.5.0"
| #define STDC_HEADERS 1
| #define HAVE_SYS_TYPES_H 1
| #define HAVE_SYS_STAT_H 1
| #define HAVE_STDLIB_H 1
| #define HAVE_STRING_H 1
| #define HAVE_MEMORY_H 1
| #define HAVE_STRINGS_H 1
| #define HAVE_INTTYPES_H 1
| #define HAVE_STDINT_H 1
| #define HAVE_UNISTD_H 1
| #define __EXTENSIONS__ 1
| #define _ALL_SOURCE 1
| #define _GNU_SOURCE 1
| #define _POSIX_PTHREAD_SEMANTICS 1
| #define _TANDEM_SOURCE 1
| /* end confdefs.h.  */
| #include <stdio.h>
| #ifdef HAVE_SYS_TYPES_H
| # include <sys/types.h>
| #endif
| #ifdef HAVE_SYS_STAT_H
| # include <sys/stat.h>
| #endif
| #ifdef STDC_HEADERS
| # include <stdlib.h>
| # include <stddef.h>
| #else
| # ifdef HAVE_STDLIB_H
| #  include <stdlib.h>
| # endif
| #endif
| #ifdef HAVE_STRING_H
| # if !defined STDC_HEADERS && defined HAVE_MEMORY_H
| #  include <memory.h>
| # endif
| # include <string.h>
| #endif
| #ifdef HAVE_STRINGS_H
| # include <strings.h>
| #endif
| #ifdef HAVE_INTTYPES_H
| # include <inttypes.h>
| #endif
| #ifdef HAVE_STDINT_H
| # include <stdint.h>
| #endif
| #ifdef HAVE_UNISTD_H
| # include <unistd.h>
| #endif
| int
| main ()
| {
| #ifndef __SUNPRO_CC
| #ifdef __cplusplus
|   (void) __SUNPRO_CC;
| #else
|   (void) __SUNPRO_CC;
| #endif
| #endif
| 
|   ;
|   return 0;
| }
configure:5182: result: no
configure:5354: checking how to print strings
configure:5381: result: printf
configure:5402: checking for a sed that does not truncate output
configure:5466: result: /usr/bin/sed
configure:5484: checking for fgrep
configure:5546: result: /usr/bin/grep -F
configure:5581: checking for ld used by gcc
configure:5648: result: /usr/bin/ld
configure:5655: checking if the linker (/usr/bin/ld) is GNU ld
configure:5670: result: yes
configure:5682: checking for BSD- or MS-compatible name lister (nm)
configure:5736: result: /usr/bin/nm -B
configure:5866: checking the name lister (/usr/bin/nm -B) interface
configure:5873: g++ -c -m32 -D_GLIBCXX_USE_CXX11_ABI=0 -std=c++14  conftest.cpp >&5
configure:5876: /usr/bin/nm -B "conftest.o"
configure:5879: output
00000000 B some_variable
configure:5880: result: BSD nm
configure:5883: checking whether ln -s works
configure:5887: result: yes
configure:5895: checking the maximum length of command line arguments
configure:6026: result: 1572864
configure:6074: checking how to convert i686-pc-linux-gnu file names to i686-pc-linux-gnu format
configure:6114: result: func_convert_file_noop
configure:6121: checking how to convert i686-pc-linux-gnu file names to toolchain format
configure:6141: result: func_convert_file_noop
configure:6148: checking for /usr/bin/ld option to reload object files
configure:6155: result: -r
configure:6229: checking for objdump
configure:6245: found /usr/bin/objdump
configure:6256: result: objdump
configure:6288: checking how to recognize dependent libraries
configure:6488: result: pass_all
configure:6573: checking for dlltool
configure:6603: result: no
configure:6633: checking how to associate runtime and link libraries
configure:6660: result: printf %s\n
configure:6720: checking for ar
configure:6736: found /usr/bin/ar
configure:6747: result: ar
configure:6784: checking for archiver @FILE support
configure:6801: g++ -c -m32 -D_GLIBCXX_USE_CXX11_ABI=0 -std=c++14  conftest.cpp >&5
configure:6801: $? = 0
configure:6804: ar cr libconftest.a @conftest.lst >&5
configure:6807: $? = 0
configure:6812: ar cr libconftest.a @conftest.lst >&5
ar: conftest.o: No such file or directory
configure:6815: $? = 1
configure:6814: result: @
configure:6872: checking for strip
configure:6888: found /usr/bin/strip
configure:6899: result: strip
configure:6971: checking for ranlib
configure:6987: found /usr/bin/ranlib
configure:6998: result: ranlib
configure:7100: checking command to parse /usr/bin/nm -B output from gcc object
configure:7253: g++ -c -m32 -D_GLIBCXX_USE_CXX11_ABI=0 -std=c++14  conftest.cpp >&5
configure:7256: $? = 0
configure:7260: /usr/bin/nm -B conftest.o | sed -n -e 's/^.*[	 ]\([ABCDGIRSTW][ABCDGIRSTW]*\)[	 ][	 ]*\([_A-Za-z][_A-Za-z0-9]*\)$/\1 \2 \2/p' | sed '/ __gnu_lto/d' > conftest.nm
configure:7326: g++ -o conftest -m32 -D_GLIBCXX_USE_CXX11_ABI=0 -std=c++14  -m32 -D_GLIBCXX_USE_CXX11_ABI=0 -std=c++14 conftest.cpp conftstm.o >&5
configure:7329: $? = 0
configure:7367: result: ok
configure:7414: checking for sysroot
configure:7444: result: no
configure:7451: checking for a working dd
configure:7489: result: /usr/bin/dd
configure:7493: checking how to truncate binary pipes
configure:7508: result: /usr/bin/dd bs=4096 count=1
configure:7838: checking for mt
configure:7854: found /usr/bin/mt
configure:7865: result: mt
configure:7888: checking if mt is a manifest tool
configure:7894: mt '-?'
configure:7902: result: no
configure:8576: checking for dlfcn.h
configure:8576: g++ -c -m32 -D_GLIBCXX_USE_CXX11_ABI=0 -std=c++14  conftest.cpp >&5
configure:8576: $? = 0
configure:8576: result: yes
configure:8842: checking for objdir
configure:8857: result: .libs
configure:9121: checking if gcc supports -fno-rtti -fno-exceptions
configure:9139: gcc -c -m32 -D_GLIBCXX_USE_CXX11_ABI=0 -std=c++14  -fno-rtti -fno-exceptions conftest.c >&5
cc1: warning: command line option '-std=c++14' is valid for C++/ObjC++ but not for C
cc1: warning: command line option '-fno-rtti' is valid for C++/D/ObjC++ but not for C
configure:9143: $? = 0
configure:9156: result: no
configure:9520: checking for gcc option to produce PIC
configure:9527: result: -fPIC -DPIC
configure:9535: checking if gcc PIC flag -fPIC -DPIC works
configure:9553: gcc -c -m32 -D_GLIBCXX_USE_CXX11_ABI=0 -std=c++14  -fPIC -DPIC -DPIC conftest.c >&5
cc1: warning: command line option '-std=c++14' is valid for C++/ObjC++ but not for C
configure:9557: $? = 0
configure:9570: result: yes
configure:9599: checking if gcc static flag -static works
cc1: warning: command line option '-std=c++14' is valid for C++/ObjC++ but not for C
cc1: warning: command line option '-std=c++14' is valid for C++/ObjC++ but not for C
configure:9627: result: yes
configure:9642: checking if gcc supports -c -o file.o
configure:9663: gcc -c -m32 -D_GLIBCXX_USE_CXX11_ABI=0 -std=c++14  -o out/conftest2.o conftest.c >&5
cc1: warning: command line option '-std=c++14' is valid for C++/ObjC++ but not for C
configure:9667: $? = 0
configure:9689: result: yes
configure:9697: checking if gcc supports -c -o file.o
configure:9744: result: yes
configure:9777: checking whether the gcc linker (/usr/bin/ld) supports shared libraries
configure:11040: result: yes
configure:11280: checking dynamic linker characteristics
configure:11861: gcc -o conftest -m32 -D_GLIBCXX_USE_CXX11_ABI=0 -std=c++14  -m32 -D_GLIBCXX_USE_CXX11_ABI=0 -std=c++14 -Wl,-rpath -Wl,/foo conftest.c  >&5
cc1: warning: command line option '-std=c++14' is valid for C++/ObjC++ but not for C
cc1: warning: command line option '-std=c++14' is valid for C++/ObjC++ but not for C
configure:11861: $? = 0
configure:12110: result: GNU/Linux ld.so
configure:12232: checking how to hardcode library paths into programs
configure:12257: result: immediate
configure:12805: checking whether stripping libraries is possible
configure:12810: result: yes
configure:12845: checking if libtool supports shared libraries
configure:12847: result: yes
configure:12850: checking whether to build shared libraries
configure:12875: result: no
configure:12878: checking whether to build static libraries
configure:12882: result: yes
configure:9681: checking how to run the C++ preprocessor
configure:9747: result: g++ -E
configure:9767: g++ -E  conftest.cpp
configure:9767: $? = 0
configure:9781: g++ -E  conftest.cpp
conftest.cpp:28:10: fatal error: ac_nonexistent.h: No such file or directory
   28 | #include <ac_nonexistent.h>
      |          ^~~~~~~~~~~~~~~~~~
compilation terminated.
configure:9781: $? = 1
configure: failed program was:
| /* confdefs.h */
| #define PACKAGE_NAME "Protocol Buffers"
| #define PACKAGE_TARNAME "protobuf"
| #define PACKAGE_VERSION "2.5.0"
| #define PACKAGE_STRING "Protocol Buffers 2.5.0"
| #define PACKAGE_BUGREPORT "protobuf@googlegroups.com"
| #define PACKAGE_URL ""
| #define PACKAGE "protobuf"
| #define VERSION "2.5.0"
| #define STDC_HEADERS 1
| #define HAVE_SYS_TYPES_H 1
| #define HAVE_SYS_STAT_H 1
| #define HAVE_STDLIB_H 1
| #define HAVE_STRING_H 1
| #define HAVE_MEMORY_H 1
| #define HAVE_STRINGS_H 1
| #define HAVE_INTTYPES_H 1
| #define HAVE_STDINT_H 1
| #define HAVE_UNISTD_H 1
| #define __EXTENSIONS__ 1
| #define _ALL_SOURCE 1
| #define _GNU_SOURCE 1
| #define _POSIX_PTHREAD_SEMANTICS 1
| #define _TANDEM_SOURCE 1
| #define HAVE_DLFCN_H 1
| #define LT_OBJDIR ".libs/"
| /* end confdefs.h.  */
| #include <ac_nonexistent.h>
configure:9943: checking for ld used by g++
configure:10010: result: /usr/bin/ld
configure:10017: checking if the linker (/usr/bin/ld) is GNU ld
configure:10032: result: yes
configure:10087: checking whether the g++ linker (/usr/bin/ld) supports shared libraries
configure:11160: result: yes
configure:11196: g++ -c -m32 -D_GLIBCXX_USE_CXX11_ABI=0 -std=c++14  conftest.cpp >&5
configure:11199: $? = 0
configure:11680: checking for g++ option to produce PIC
configure:11687: result: -fPIC -DPIC
configure:11695: checking if g++ PIC flag -fPIC -DPIC works
configure:11713: g++ -c -m32 -D_GLIBCXX_USE_CXX11_ABI=0 -std=c++14  -fPIC -DPIC -DPIC conftest.cpp >&5
configure:11717: $? = 0
configure:11730: result: yes
configure:11753: checking if g++ static flag -static works
configure:11781: result: yes
configure:11793: checking if g++ supports -c -o file.o
configure:11814: g++ -c -m32 -D_GLIBCXX_USE_CXX11_ABI=0 -std=c++14  -o out/conftest2.o conftest.cpp >&5
configure:11818: $? = 0
configure:11840: result: yes
configure:11845: checking if g++ supports -c -o file.o
configure:11892: result: yes
configure:11922: checking whether the g++ linker (/usr/bin/ld) supports shared libraries
configure:11965: result: yes
configure:12106: checking dynamic linker characteristics
configure:12863: result: GNU/Linux ld.so
configure:12928: checking how to hardcode library paths into programs
configure:12953: result: immediate
configure:11847: checking for ANSI C header files
configure:11951: result: yes
configure:11962: checking fcntl.h usability
configure:11962: g++ -c -m32 -D_GLIBCXX_USE_CXX11_ABI=0 -std=c++14  conftest.cpp >&5
configure:11962: $? = 0
configure:11962: result: yes
configure:11962: checking fcntl.h presence
configure:11962: g++ -E  conftest.cpp
configure:11962: $? = 0
configure:11962: result: yes
configure:11962: checking for fcntl.h
configure:11962: result: yes
configure:11962: checking for inttypes.h
configure:11962: result: yes
configure:11962: checking limits.h usability
configure:11962: g++ -c -m32 -D_GLIBCXX_USE_CXX11_ABI=0 -std=c++14  conftest.cpp >&5
configure:11962: $? = 0
configure:11962: result: yes
configure:11962: checking limits.h presence
configure:11962: g++ -E  conftest.cpp
configure:11962: $? = 0
configure:11962: result: yes
configure:11962: checking for limits.h
configure:11962: result: yes
configure:11962: checking for stdlib.h
configure:11962: result: yes
configure:11962: checking for unistd.h
configure:11962: result: yes
configure:11974: checking for working memcmp
configure:12017: g++ -o conftest -m32 -D_GLIBCXX_USE_CXX11_ABI=0 -std=c++14  -m32 -D_GLIBCXX_USE_CXX11_ABI=0 -std=c++14 conftest.cpp  >&5
configure:12017: $? = 0
configure:12017: ./conftest
configure:12017: $? = 0
configure:12027: result: yes
configure:12036: checking for working strtod
configure:12077: g++ -o conftest -m32 -D_GLIBCXX_USE_CXX11_ABI=0 -std=c++14  -m32 -D_GLIBCXX_USE_CXX11_ABI=0 -std=c++14 conftest.cpp  >&5
conftest.cpp: In function 'int main()':
conftest.cpp:76:20: warning: ISO C++ forbids converting a string constant to 'char*' [-Wwrite-strings]
   76 |     char *string = " +69";
      |                    ^~~~~~
conftest.cpp:87:20: warning: ISO C++ forbids converting a string constant to 'char*' [-Wwrite-strings]
   87 |     char *string = "NaN";
      |                    ^~~~~
configure:12077: $? = 0
configure:12077: ./conftest
configure:12077: $? = 0
configure:12087: result: yes
configure:12152: checking for ftruncate
configure:12152: g++ -o conftest -m32 -D_GLIBCXX_USE_CXX11_ABI=0 -std=c++14  -m32 -D_GLIBCXX_USE_CXX11_ABI=0 -std=c++14 conftest.cpp  >&5
configure:12152: $? = 0
configure:12152: result: yes
configure:12152: checking for memset
configure:12152: g++ -o conftest -m32 -D_GLIBCXX_USE_CXX11_ABI=0 -std=c++14  -m32 -D_GLIBCXX_USE_CXX11_ABI=0 -std=c++14 conftest.cpp  >&5
conftest.cpp:58:6: warning: declaration of 'char memset()' conflicts with built-in declaration 'void* memset(void*, int, unsigned int)' [-Wbuiltin-declaration-mismatch]
   58 | char memset ();
      |      ^~~~~~
configure:12152: $? = 0
configure:12152: result: yes
configure:12152: checking for mkdir
configure:12152: g++ -o conftest -m32 -D_GLIBCXX_USE_CXX11_ABI=0 -std=c++14  -m32 -D_GLIBCXX_USE_CXX11_ABI=0 -std=c++14 conftest.cpp  >&5
configure:12152: $? = 0
configure:12152: result: yes
configure:12152: checking for strchr
configure:12152: g++ -o conftest -m32 -D_GLIBCXX_USE_CXX11_ABI=0 -std=c++14  -m32 -D_GLIBCXX_USE_CXX11_ABI=0 -std=c++14 conftest.cpp  >&5
conftest.cpp:60:6: warning: declaration of 'char strchr()' conflicts with built-in declaration 'char* strchr(const char*, int)' [-Wbuiltin-declaration-mismatch]
   60 | char strchr ();
      |      ^~~~~~
configure:12152: $? = 0
configure:12152: result: yes
configure:12152: checking for strerror
configure:12152: g++ -o conftest -m32 -D_GLIBCXX_USE_CXX11_ABI=0 -std=c++14  -m32 -D_GLIBCXX_USE_CXX11_ABI=0 -std=c++14 conftest.cpp  >&5
configure:12152: $? = 0
configure:12152: result: yes
configure:12152: checking for strtol
configure:12152: g++ -o conftest -m32 -D_GLIBCXX_USE_CXX11_ABI=0 -std=c++14  -m32 -D_GLIBCXX_USE_CXX11_ABI=0 -std=c++14 conftest.cpp  >&5
configure:12152: $? = 0
configure:12152: result: yes
configure:12166: checking zlib version
configure:12186: g++ -c -m32 -D_GLIBCXX_USE_CXX11_ABI=0 -std=c++14  conftest.cpp >&5
configure:12186: $? = 0
configure:12188: result: ok (1.2.0.4 or later)
configure:12192: checking for library containing zlibVersion
configure:12223: g++ -o conftest -m32 -D_GLIBCXX_USE_CXX11_ABI=0 -std=c++14  -m32 -D_GLIBCXX_USE_CXX11_ABI=0 -std=c++14 conftest.cpp  >&5
/usr/bin/ld: /tmp/ccz52e6Z.o: in function `main':
conftest.cpp:(.text+0x18): undefined reference to `zlibVersion'
collect2: error: ld returned 1 exit status
configure:12223: $? = 1
configure: failed program was:
| /* confdefs.h */
| #define PACKAGE_NAME "Protocol Buffers"
| #define PACKAGE_TARNAME "protobuf"
| #define PACKAGE_VERSION "2.5.0"
| #define PACKAGE_STRING "Protocol Buffers 2.5.0"
| #define PACKAGE_BUGREPORT "protobuf@googlegroups.com"
| #define PACKAGE_URL ""
| #define PACKAGE "protobuf"
| #define VERSION "2.5.0"
| #define STDC_HEADERS 1
| #define HAVE_SYS_TYPES_H 1
| #define HAVE_SYS_STAT_H 1
| #define HAVE_STDLIB_H 1
| #define HAVE_STRING_H 1
| #define HAVE_MEMORY_H 1
| #define HAVE_STRINGS_H 1
| #define HAVE_INTTYPES_H 1
| #define HAVE_STDINT_H 1
| #define HAVE_UNISTD_H 1
| #define __EXTENSIONS__ 1
| #define _ALL_SOURCE 1
| #define _GNU_SOURCE 1
| #define _POSIX_PTHREAD_SEMANTICS 1
| #define _TANDEM_SOURCE 1
| #define HAVE_DLFCN_H 1
| #define LT_OBJDIR ".libs/"
| #define STDC_HEADERS 1
| #define HAVE_FCNTL_H 1
| #define HAVE_INTTYPES_H 1
| #define HAVE_LIMITS_H 1
| #define HAVE_STDLIB_H 1
| #define HAVE_UNISTD_H 1
| #define HAVE_FTRUNCATE 1
| #define HAVE_MEMSET 1
| #define HAVE_MKDIR 1
| #define HAVE_STRCHR 1
| #define HAVE_STRERROR 1
| #define HAVE_STRTOL 1
| /* end confdefs.h.  */
| 
| /* Override any GCC internal prototype to avoid an error.
|    Use char because int might match the return type of a GCC
|    builtin and then its argument prototype would still apply.  */
| #ifdef __cplusplus
| extern "C"
| #endif
| char zlibVersion ();
| int
| main ()
| {
| return zlibVersion ();
|   ;
|   return 0;
| }
configure:12223: g++ -o conftest -m32 -D_GLIBCXX_USE_CXX11_ABI=0 -std=c++14  -m32 -D_GLIBCXX_USE_CXX11_ABI=0 -std=c++14 conftest.cpp -lz   >&5
configure:12223: $? = 0
configure:12240: result: -lz
configure:12491: checking for the pthreads library -lpthreads
configure:12524: gcc -o conftest -m32 -D_GLIBCXX_USE_CXX11_ABI=0 -std=c++14   -m32 -D_GLIBCXX_USE_CXX11_ABI=0 -std=c++14 conftest.c -lpthreads -lz  >&5
cc1: warning: command line option '-std=c++14' is valid for C++/ObjC++ but not for C
cc1: warning: command line option '-std=c++14' is valid for C++/ObjC++ but not for C
conftest.c: In function 'main':
conftest.c:46:22: warning: null argument where non-null required (argument 1) [-Wnonnull]
   46 |                      pthread_attr_init(0); pthread_cleanup_push(0, 0);
      |                      ^~~~~~~~~~~~~~~~~
conftest.c:47:22: warning: null argument where non-null required (argument 1) [-Wnonnull]
   47 |                      pthread_create(0,0,0,0); pthread_cleanup_pop(0);
      |                      ^~~~~~~~~~~~~~
conftest.c:47:22: warning: null argument where non-null required (argument 3) [-Wnonnull]
/usr/bin/ld: cannot find -lpthreads
collect2: error: ld returned 1 exit status
configure:12524: $? = 1
configure: failed program was:
| /* confdefs.h */
| #define PACKAGE_NAME "Protocol Buffers"
| #define PACKAGE_TARNAME "protobuf"
| #define PACKAGE_VERSION "2.5.0"
| #define PACKAGE_STRING "Protocol Buffers 2.5.0"
| #define PACKAGE_BUGREPORT "protobuf@googlegroups.com"
| #define PACKAGE_URL ""
| #define PACKAGE "protobuf"
| #define VERSION "2.5.0"
| #define STDC_HEADERS 1
| #define HAVE_SYS_TYPES_H 1
| #define HAVE_SYS_STAT_H 1
| #define HAVE_STDLIB_H 1
| #define HAVE_STRING_H 1
| #define HAVE_MEMORY_H 1
| #define HAVE_STRINGS_H 1
| #define HAVE_INTTYPES_H 1
| #define HAVE_STDINT_H 1
| #define HAVE_UNISTD_H 1
| #define __EXTENSIONS__ 1
| #define _ALL_SOURCE 1
| #define _GNU_SOURCE 1
| #define _POSIX_PTHREAD_SEMANTICS 1
| #define _TANDEM_SOURCE 1
| #define HAVE_DLFCN_H 1
| #define LT_OBJDIR ".libs/"
| #define STDC_HEADERS 1
| #define HAVE_FCNTL_H 1
| #define HAVE_INTTYPES_H 1
| #define HAVE_LIMITS_H 1
| #define HAVE_STDLIB_H 1
| #define HAVE_UNISTD_H 1
| #define HAVE_FTRUNCATE 1
| #define HAVE_MEMSET 1
| #define HAVE_MKDIR 1
| #define HAVE_STRCHR 1
| #define HAVE_STRERROR 1
| #define HAVE_STRTOL 1
| #define HAVE_ZLIB 1
| /* end confdefs.h.  */
| #include <pthread.h>
| int
| main ()
| {
| pthread_t th; pthread_join(th, 0);
|                      pthread_attr_init(0); pthread_cleanup_push(0, 0);
|                      pthread_create(0,0,0,0); pthread_cleanup_pop(0);
|   ;
|   return 0;
| }
configure:12533: result: no
configure:12436: checking whether pthreads work without any flags
configure:12524: gcc -o conftest -m32 -D_GLIBCXX_USE_CXX11_ABI=0 -std=c++14   -m32 -D_GLIBCXX_USE_CXX11_ABI=0 -std=c++14 conftest.c  -lz  >&5
cc1: warning: command line option '-std=c++14' is valid for C++/ObjC++ but not for C
cc1: warning: command line option '-std=c++14' is valid for C++/ObjC++ but not for C
conftest.c: In function 'main':
conftest.c:46:22: warning: null argument where non-null required (argument 1) [-Wnonnull]
   46 |                      pthread_attr_init(0); pthread_cleanup_push(0, 0);
      |                      ^~~~~~~~~~~~~~~~~
conftest.c:47:22: warning: null argument where non-null required (argument 1) [-Wnonnull]
   47 |                      pthread_create(0,0,0,0); pthread_cleanup_pop(0);
      |                      ^~~~~~~~~~~~~~
conftest.c:47:22: warning: null argument where non-null required (argument 3) [-Wnonnull]
/usr/bin/ld: /tmp/ccJzdX8V.o: in function `main':
conftest.c:(.text+0x39): undefined reference to `pthread_join'
/usr/bin/ld: conftest.c:(.text+0x9d): undefined reference to `__pthread_register_cancel'
/usr/bin/ld: conftest.c:(.text+0xaa): undefined reference to `pthread_create'
/usr/bin/ld: conftest.c:(.text+0xb5): undefined reference to `__pthread_unregister_cancel'
collect2: error: ld returned 1 exit status
configure:12524: $? = 1
configure: failed program was:
| /* confdefs.h */
| #define PACKAGE_NAME "Protocol Buffers"
| #define PACKAGE_TARNAME "protobuf"
| #define PACKAGE_VERSION "2.5.0"
| #define PACKAGE_STRING "Protocol Buffers 2.5.0"
| #define PACKAGE_BUGREPORT "protobuf@googlegroups.com"
| #define PACKAGE_URL ""
| #define PACKAGE "protobuf"
| #define VERSION "2.5.0"
| #define STDC_HEADERS 1
| #define HAVE_SYS_TYPES_H 1
| #define HAVE_SYS_STAT_H 1
| #define HAVE_STDLIB_H 1
| #define HAVE_STRING_H 1
| #define HAVE_MEMORY_H 1
| #define HAVE_STRINGS_H 1
| #define HAVE_INTTYPES_H 1
| #define HAVE_STDINT_H 1
| #define HAVE_UNISTD_H 1
| #define __EXTENSIONS__ 1
| #define _ALL_SOURCE 1
| #define _GNU_SOURCE 1
| #define _POSIX_PTHREAD_SEMANTICS 1
| #define _TANDEM_SOURCE 1
| #define HAVE_DLFCN_H 1
| #define LT_OBJDIR ".libs/"
| #define STDC_HEADERS 1
| #define HAVE_FCNTL_H 1
| #define HAVE_INTTYPES_H 1
| #define HAVE_LIMITS_H 1
| #define HAVE_STDLIB_H 1
| #define HAVE_UNISTD_H 1
| #define HAVE_FTRUNCATE 1
| #define HAVE_MEMSET 1
| #define HAVE_MKDIR 1
| #define HAVE_STRCHR 1
| #define HAVE_STRERROR 1
| #define HAVE_STRTOL 1
| #define HAVE_ZLIB 1
| /* end confdefs.h.  */
| #include <pthread.h>
| int
| main ()
| {
| pthread_t th; pthread_join(th, 0);
|                      pthread_attr_init(0); pthread_cleanup_push(0, 0);
|                      pthread_create(0,0,0,0); pthread_cleanup_pop(0);
|   ;
|   return 0;
| }
configure:12533: result: no
configure:12441: checking whether pthreads work with -Kthread
configure:12524: gcc -o conftest -m32 -D_GLIBCXX_USE_CXX11_ABI=0 -std=c++14 -Kthread  -m32 -D_GLIBCXX_USE_CXX11_ABI=0 -std=c++14 conftest.c  -lz  >&5
gcc: error: unrecognized command line option '-Kthread'; did you mean '-pthread'?
configure:12524: $? = 1
configure: failed program was:
| /* confdefs.h */
| #define PACKAGE_NAME "Protocol Buffers"
| #define PACKAGE_TARNAME "protobuf"
| #define PACKAGE_VERSION "2.5.0"
| #define PACKAGE_STRING "Protocol Buffers 2.5.0"
| #define PACKAGE_BUGREPORT "protobuf@googlegroups.com"
| #define PACKAGE_URL ""
| #define PACKAGE "protobuf"
| #define VERSION "2.5.0"
| #define STDC_HEADERS 1
| #define HAVE_SYS_TYPES_H 1
| #define HAVE_SYS_STAT_H 1
| #define HAVE_STDLIB_H 1
| #define HAVE_STRING_H 1
| #define HAVE_MEMORY_H 1
| #define HAVE_STRINGS_H 1
| #define HAVE_INTTYPES_H 1
| #define HAVE_STDINT_H 1
| #define HAVE_UNISTD_H 1
| #define __EXTENSIONS__ 1
| #define _ALL_SOURCE 1
| #define _GNU_SOURCE 1
| #define _POSIX_PTHREAD_SEMANTICS 1
| #define _TANDEM_SOURCE 1
| #define HAVE_DLFCN_H 1
| #define LT_OBJDIR ".libs/"
| #define STDC_HEADERS 1
| #define HAVE_FCNTL_H 1
| #define HAVE_INTTYPES_H 1
| #define HAVE_LIMITS_H 1
| #define HAVE_STDLIB_H 1
| #define HAVE_UNISTD_H 1
| #define HAVE_FTRUNCATE 1
| #define HAVE_MEMSET 1
| #define HAVE_MKDIR 1
| #define HAVE_STRCHR 1
| #define HAVE_STRERROR 1
| #define HAVE_STRTOL 1
| #define HAVE_ZLIB 1
| /* end confdefs.h.  */
| #include <pthread.h>
| int
| main ()
| {
| pthread_t th; pthread_join(th, 0);
|                      pthread_attr_init(0); pthread_cleanup_push(0, 0);
|                      pthread_create(0,0,0,0); pthread_cleanup_pop(0);
|   ;
|   return 0;
| }
configure:12533: result: no
configure:12441: checking whether pthreads work with -kthread
configure:12524: gcc -o conftest -m32 -D_GLIBCXX_USE_CXX11_ABI=0 -std=c++14 -kthread  -m32 -D_GLIBCXX_USE_CXX11_ABI=0 -std=c++14 conftest.c  -lz  >&5
gcc: error: unrecognized command line option '-kthread'; did you mean '-pthread'?
configure:12524: $? = 1
configure: failed program was:
| /* confdefs.h */
| #define PACKAGE_NAME "Protocol Buffers"
| #define PACKAGE_TARNAME "protobuf"
| #define PACKAGE_VERSION "2.5.0"
| #define PACKAGE_STRING "Protocol Buffers 2.5.0"
| #define PACKAGE_BUGREPORT "protobuf@googlegroups.com"
| #define PACKAGE_URL ""
| #define PACKAGE "protobuf"
| #define VERSION "2.5.0"
| #define STDC_HEADERS 1
| #define HAVE_SYS_TYPES_H 1
| #define HAVE_SYS_STAT_H 1
| #define HAVE_STDLIB_H 1
| #define HAVE_STRING_H 1
| #define HAVE_MEMORY_H 1
| #define HAVE_STRINGS_H 1
| #define HAVE_INTTYPES_H 1
| #define HAVE_STDINT_H 1
| #define HAVE_UNISTD_H 1
| #define __EXTENSIONS__ 1
| #define _ALL_SOURCE 1
| #define _GNU_SOURCE 1
| #define _POSIX_PTHREAD_SEMANTICS 1
| #define _TANDEM_SOURCE 1
| #define HAVE_DLFCN_H 1
| #define LT_OBJDIR ".libs/"
| #define STDC_HEADERS 1
| #define HAVE_FCNTL_H 1
| #define HAVE_INTTYPES_H 1
| #define HAVE_LIMITS_H 1
| #define HAVE_STDLIB_H 1
| #define HAVE_UNISTD_H 1
| #define HAVE_FTRUNCATE 1
| #define HAVE_MEMSET 1
| #define HAVE_MKDIR 1
| #define HAVE_STRCHR 1
| #define HAVE_STRERROR 1
| #define HAVE_STRTOL 1
| #define HAVE_ZLIB 1
| /* end confdefs.h.  */
| #include <pthread.h>
| int
| main ()
| {
| pthread_t th; pthread_join(th, 0);
|                      pthread_attr_init(0); pthread_cleanup_push(0, 0);
|                      pthread_create(0,0,0,0); pthread_cleanup_pop(0);
|   ;
|   return 0;
| }
configure:12533: result: no
configure:12491: checking for the pthreads library -llthread
configure:12524: gcc -o conftest -m32 -D_GLIBCXX_USE_CXX11_ABI=0 -std=c++14   -m32 -D_GLIBCXX_USE_CXX11_ABI=0 -std=c++14 conftest.c -llthread -lz  >&5
cc1: warning: command line option '-std=c++14' is valid for C++/ObjC++ but not for C
cc1: warning: command line option '-std=c++14' is valid for C++/ObjC++ but not for C
conftest.c: In function 'main':
conftest.c:46:22: warning: null argument where non-null required (argument 1) [-Wnonnull]
   46 |                      pthread_attr_init(0); pthread_cleanup_push(0, 0);
      |                      ^~~~~~~~~~~~~~~~~
conftest.c:47:22: warning: null argument where non-null required (argument 1) [-Wnonnull]
   47 |                      pthread_create(0,0,0,0); pthread_cleanup_pop(0);
      |                      ^~~~~~~~~~~~~~
conftest.c:47:22: warning: null argument where non-null required (argument 3) [-Wnonnull]
/usr/bin/ld: cannot find -llthread
collect2: error: ld returned 1 exit status
configure:12524: $? = 1
configure: failed program was:
| /* confdefs.h */
| #define PACKAGE_NAME "Protocol Buffers"
| #define PACKAGE_TARNAME "protobuf"
| #define PACKAGE_VERSION "2.5.0"
| #define PACKAGE_STRING "Protocol Buffers 2.5.0"
| #define PACKAGE_BUGREPORT "protobuf@googlegroups.com"
| #define PACKAGE_URL ""
| #define PACKAGE "protobuf"
| #define VERSION "2.5.0"
| #define STDC_HEADERS 1
| #define HAVE_SYS_TYPES_H 1
| #define HAVE_SYS_STAT_H 1
| #define HAVE_STDLIB_H 1
| #define HAVE_STRING_H 1
| #define HAVE_MEMORY_H 1
| #define HAVE_STRINGS_H 1
| #define HAVE_INTTYPES_H 1
| #define HAVE_STDINT_H 1
| #define HAVE_UNISTD_H 1
| #define __EXTENSIONS__ 1
| #define _ALL_SOURCE 1
| #define _GNU_SOURCE 1
| #define _POSIX_PTHREAD_SEMANTICS 1
| #define _TANDEM_SOURCE 1
| #define HAVE_DLFCN_H 1
| #define LT_OBJDIR ".libs/"
| #define STDC_HEADERS 1
| #define HAVE_FCNTL_H 1
| #define HAVE_INTTYPES_H 1
| #define HAVE_LIMITS_H 1
| #define HAVE_STDLIB_H 1
| #define HAVE_UNISTD_H 1
| #define HAVE_FTRUNCATE 1
| #define HAVE_MEMSET 1
| #define HAVE_MKDIR 1
| #define HAVE_STRCHR 1
| #define HAVE_STRERROR 1
| #define HAVE_STRTOL 1
| #define HAVE_ZLIB 1
| /* end confdefs.h.  */
| #include <pthread.h>
| int
| main ()
| {
| pthread_t th; pthread_join(th, 0);
|                      pthread_attr_init(0); pthread_cleanup_push(0, 0);
|                      pthread_create(0,0,0,0); pthread_cleanup_pop(0);
|   ;
|   return 0;
| }
configure:12533: result: no
configure:12441: checking whether pthreads work with -pthread
configure:12524: gcc -o conftest -m32 -D_GLIBCXX_USE_CXX11_ABI=0 -std=c++14 -pthread  -m32 -D_GLIBCXX_USE_CXX11_ABI=0 -std=c++14 conftest.c  -lz  >&5
cc1: warning: command line option '-std=c++14' is valid for C++/ObjC++ but not for C
cc1: warning: command line option '-std=c++14' is valid for C++/ObjC++ but not for C
conftest.c: In function 'main':
conftest.c:46:22: warning: null argument where non-null required (argument 1) [-Wnonnull]
   46 |                      pthread_attr_init(0); pthread_cleanup_push(0, 0);
      |                      ^~~~~~~~~~~~~~~~~
conftest.c:47:22: warning: null argument where non-null required (argument 1) [-Wnonnull]
   47 |                      pthread_create(0,0,0,0); pthread_cleanup_pop(0);
      |                      ^~~~~~~~~~~~~~
conftest.c:47:22: warning: null argument where non-null required (argument 3) [-Wnonnull]
configure:12524: $? = 0
configure:12533: result: yes
configure:12552: checking for joinable pthread attribute
configure:12567: gcc -o conftest -m32 -D_GLIBCXX_USE_CXX11_ABI=0 -std=c++14 -pthread  -m32 -D_GLIBCXX_USE_CXX11_ABI=0 -std=c++14 conftest.c  -lz  >&5
cc1: warning: command line option '-std=c++14' is valid for C++/ObjC++ but not for C
cc1: warning: command line option '-std=c++14' is valid for C++/ObjC++ but not for C
configure:12567: $? = 0
configure:12573: result: PTHREAD_CREATE_JOINABLE
configure:12583: checking if more special flags are required for pthreads
configure:12590: result: no
configure:12679: checking whether to check for GCC pthread/shared inconsistencies
configure:12692: gcc -o conftest -shared -fPIC -Wl,-z,defs -m32 -D_GLIBCXX_USE_CXX11_ABI=0 -std=c++14 -pthread  -m32 -D_GLIBCXX_USE_CXX11_ABI=0 -std=c++14 conftest.c  -lz  >&5
cc1: warning: command line option '-std=c++14' is valid for C++/ObjC++ but not for C
cc1: warning: command line option '-std=c++14' is valid for C++/ObjC++ but not for C
configure:12692: $? = 0
configure:12704: result: yes
configure:12710: checking whether -pthread is sufficient with -shared
configure:12725: gcc -o conftest -shared -fPIC -Wl,-z,defs -m32 -D_GLIBCXX_USE_CXX11_ABI=0 -std=c++14 -pthread  -m32 -D_GLIBCXX_USE_CXX11_ABI=0 -std=c++14 conftest.c  -lz  >&5
cc1: warning: command line option '-std=c++14' is valid for C++/ObjC++ but not for C
cc1: warning: command line option '-std=c++14' is valid for C++/ObjC++ but not for C
conftest.c: In function 'main':
conftest.c:46:8: warning: null argument where non-null required (argument 1) [-Wnonnull]
   46 |        pthread_attr_init(0); pthread_cleanup_push(0, 0);
      |        ^~~~~~~~~~~~~~~~~
conftest.c:47:8: warning: null argument where non-null required (argument 1) [-Wnonnull]
   47 |        pthread_create(0,0,0,0); pthread_cleanup_pop(0);
      |        ^~~~~~~~~~~~~~
conftest.c:47:8: warning: null argument where non-null required (argument 3) [-Wnonnull]
configure:12725: $? = 0
configure:12732: result: yes
configure:12820: checking whether what we have so far is sufficient with -nostdlib
configure:12838: gcc -o conftest -nostdlib -shared -fPIC -Wl,-z,defs -m32 -D_GLIBCXX_USE_CXX11_ABI=0 -std=c++14 -pthread  -m32 -D_GLIBCXX_USE_CXX11_ABI=0 -std=c++14 conftest.c  -lz  -lc >&5
cc1: warning: command line option '-std=c++14' is valid for C++/ObjC++ but not for C
cc1: warning: command line option '-std=c++14' is valid for C++/ObjC++ but not for C
conftest.c: In function 'main':
conftest.c:46:9: warning: null argument where non-null required (argument 1) [-Wnonnull]
   46 |         pthread_attr_init(0); pthread_cleanup_push(0, 0);
      |         ^~~~~~~~~~~~~~~~~
conftest.c:47:9: warning: null argument where non-null required (argument 1) [-Wnonnull]
   47 |         pthread_create(0,0,0,0); pthread_cleanup_pop(0);
      |         ^~~~~~~~~~~~~~
conftest.c:47:9: warning: null argument where non-null required (argument 3) [-Wnonnull]
/usr/bin/ld: /tmp/ccaG6S9r.o: in function `main':
conftest.c:(.text+0x2e): undefined reference to `pthread_join'
/usr/bin/ld: conftest.c:(.text+0x92): undefined reference to `__pthread_register_cancel'
/usr/bin/ld: conftest.c:(.text+0x9f): undefined reference to `pthread_create'
/usr/bin/ld: conftest.c:(.text+0xaa): undefined reference to `__pthread_unregister_cancel'
collect2: error: ld returned 1 exit status
configure:12838: $? = 1
configure: failed program was:
| /* confdefs.h */
| #define PACKAGE_NAME "Protocol Buffers"
| #define PACKAGE_TARNAME "protobuf"
| #define PACKAGE_VERSION "2.5.0"
| #define PACKAGE_STRING "Protocol Buffers 2.5.0"
| #define PACKAGE_BUGREPORT "protobuf@googlegroups.com"
| #define PACKAGE_URL ""
| #define PACKAGE "protobuf"
| #define VERSION "2.5.0"
| #define STDC_HEADERS 1
| #define HAVE_SYS_TYPES_H 1
| #define HAVE_SYS_STAT_H 1
| #define HAVE_STDLIB_H 1
| #define HAVE_STRING_H 1
| #define HAVE_MEMORY_H 1
| #define HAVE_STRINGS_H 1
| #define HAVE_INTTYPES_H 1
| #define HAVE_STDINT_H 1
| #define HAVE_UNISTD_H 1
| #define __EXTENSIONS__ 1
| #define _ALL_SOURCE 1
| #define _GNU_SOURCE 1
| #define _POSIX_PTHREAD_SEMANTICS 1
| #define _TANDEM_SOURCE 1
| #define HAVE_DLFCN_H 1
| #define LT_OBJDIR ".libs/"
| #define STDC_HEADERS 1
| #define HAVE_FCNTL_H 1
| #define HAVE_INTTYPES_H 1
| #define HAVE_LIMITS_H 1
| #define HAVE_STDLIB_H 1
| #define HAVE_UNISTD_H 1
| #define HAVE_FTRUNCATE 1
| #define HAVE_MEMSET 1
| #define HAVE_MKDIR 1
| #define HAVE_STRCHR 1
| #define HAVE_STRERROR 1
| #define HAVE_STRTOL 1
| #define HAVE_ZLIB 1
| /* end confdefs.h.  */
| #include <pthread.h>
| int
| main ()
| {
| pthread_t th; pthread_join(th, 0);
| 	       pthread_attr_init(0); pthread_cleanup_push(0, 0);
| 	       pthread_create(0,0,0,0); pthread_cleanup_pop(0);
|   ;
|   return 0;
| }
configure:12850: result: no
configure:12855: checking whether -lpthread saves the day
configure:12871: gcc -o conftest -nostdlib -shared -fPIC -Wl,-z,defs -m32 -D_GLIBCXX_USE_CXX11_ABI=0 -std=c++14 -pthread  -m32 -D_GLIBCXX_USE_CXX11_ABI=0 -std=c++14 conftest.c -lpthread  -lz  -lc >&5
cc1: warning: command line option '-std=c++14' is valid for C++/ObjC++ but not for C
cc1: warning: command line option '-std=c++14' is valid for C++/ObjC++ but not for C
conftest.c: In function 'main':
conftest.c:46:9: warning: null argument where non-null required (argument 1) [-Wnonnull]
   46 |         pthread_attr_init(0); pthread_cleanup_push(0, 0);
      |         ^~~~~~~~~~~~~~~~~
conftest.c:47:9: warning: null argument where non-null required (argument 1) [-Wnonnull]
   47 |         pthread_create(0,0,0,0); pthread_cleanup_pop(0);
      |         ^~~~~~~~~~~~~~
conftest.c:47:9: warning: null argument where non-null required (argument 3) [-Wnonnull]
configure:12871: $? = 0
configure:12880: result: yes
configure:12920: checking the location of hash_map
configure:12946: g++ -c -m32 -D_GLIBCXX_USE_CXX11_ABI=0 -std=c++14  conftest.cpp >&5
configure:12946: $? = 0
configure:12968: g++ -c -m32 -D_GLIBCXX_USE_CXX11_ABI=0 -std=c++14  conftest.cpp >&5
configure:12968: $? = 0
configure:13035: result: <unordered_map>
configure:13162: checking that generated files are newer than configure
configure:13168: result: done
configure:13207: creating ./config.status

## ---------------------- ##
## Running config.status. ##
## ---------------------- ##

This file was extended by Protocol Buffers config.status 2.5.0, which was
generated by GNU Autoconf 2.69.  Invocation command line was

  CONFIG_FILES    = 
  CONFIG_HEADERS  = 
  CONFIG_LINKS    = 
  CONFIG_COMMANDS = 
  $ ./config.status 

on enemydowns

config.status:1193: creating Makefile
config.status:1193: creating src/Makefile
config.status:1193: creating protobuf.pc
config.status:1193: creating protobuf-lite.pc
config.status:1193: creating config.h
config.status:1422: executing depfiles commands
config.status:1499: cd src       && sed -e '/# am--include-marker/d' Makefile         | make -f - am--depfiles
config.status:1504: $? = 0
config.status:1422: executing libtool commands

## ---------------- ##
## Cache variables. ##
## ---------------- ##

ac_cv_build=i686-pc-linux-gnu
ac_cv_c_compiler_gnu=yes
ac_cv_cxx_compiler_gnu=yes
ac_cv_cxx_hash_map='<unordered_map>'
ac_cv_cxx_hash_map_class=unordered_map
ac_cv_cxx_hash_namespace=std
ac_cv_cxx_hash_set='<unordered_set>'
ac_cv_cxx_hash_set_class=unordered_set
ac_cv_env_CCC_set=
ac_cv_env_CCC_value=
ac_cv_env_CC_set=
ac_cv_env_CC_value=
ac_cv_env_CFLAGS_set=set
ac_cv_env_CFLAGS_value='-m32 -D_GLIBCXX_USE_CXX11_ABI=0 -std=c++14'
ac_cv_env_CPPFLAGS_set=
ac_cv_env_CPPFLAGS_value=
ac_cv_env_CXXCPP_set=
ac_cv_env_CXXCPP_value=
ac_cv_env_CXXFLAGS_set=set
ac_cv_env_CXXFLAGS_value='-m32 -D_GLIBCXX_USE_CXX11_ABI=0 -std=c++14'
ac_cv_env_CXX_set=
ac_cv_env_CXX_value=
ac_cv_env_LDFLAGS_set=set
ac_cv_env_LDFLAGS_value='-m32 -D_GLIBCXX_USE_CXX11_ABI=0 -std=c++14'
ac_cv_env_LIBS_set=
ac_cv_env_LIBS_value=
ac_cv_env_LT_SYS_LIBRARY_PATH_set=
ac_cv_env_LT_SYS_LIBRARY_PATH_value=
ac_cv_env_build_alias_set=set
ac_cv_env_build_alias_value=i686-pc-linux-gnu
ac_cv_env_host_alias_set=
ac_cv_env_host_alias_value=
ac_cv_env_target_alias_set=
ac_cv_env_target_alias_value=
ac_cv_func_ftruncate=yes
ac_cv_func_memcmp_working=yes
ac_cv_func_memset=yes
ac_cv_func_mkdir=yes
ac_cv_func_strchr=yes
ac_cv_func_strerror=yes
ac_cv_func_strtod=yes
ac_cv_func_strtol=yes
ac_cv_have_decl___SUNPRO_CC=no
ac_cv_header_dlfcn_h=yes
ac_cv_header_fcntl_h=yes
ac_cv_header_inttypes_h=yes
ac_cv_header_limits_h=yes
ac_cv_header_memory_h=yes
ac_cv_header_minix_config_h=no
ac_cv_header_stdc=yes
ac_cv_header_stdint_h=yes
ac_cv_header_stdlib_h=yes
ac_cv_header_string_h=yes
ac_cv_header_strings_h=yes
ac_cv_header_sys_stat_h=yes
ac_cv_header_sys_types_h=yes
ac_cv_header_unistd_h=yes
ac_cv_host=i686-pc-linux-gnu
ac_cv_objext=o
ac_cv_path_EGREP='/usr/bin/grep -E'
ac_cv_path_FGREP='/usr/bin/grep -F'
ac_cv_path_GREP=/usr/bin/grep
ac_cv_path_SED=/usr/bin/sed
ac_cv_path_install='/usr/bin/install -c'
ac_cv_path_lt_DD=/usr/bin/dd
ac_cv_path_mkdir=/usr/bin/mkdir
ac_cv_prog_AWK=gawk
ac_cv_prog_CXXCPP='g++ -E'
ac_cv_prog_ac_ct_AR=ar
ac_cv_prog_ac_ct_CC=gcc
ac_cv_prog_ac_ct_CXX=g++
ac_cv_prog_ac_ct_MANIFEST_TOOL=mt
ac_cv_prog_ac_ct_OBJDUMP=objdump
ac_cv_prog_ac_ct_RANLIB=ranlib
ac_cv_prog_ac_ct_STRIP=strip
ac_cv_prog_cc_c89=
ac_cv_prog_cc_g=yes
ac_cv_prog_cxx_g=yes
ac_cv_prog_make_make_set=yes
ac_cv_safe_to_define___extensions__=yes
ac_cv_search_zlibVersion=-lz
ac_cv_target=i686-pc-linux-gnu
am_cv_CC_dependencies_compiler_type=gcc3
am_cv_CXX_dependencies_compiler_type=gcc3
am_cv_make_support_nested_variables=yes
am_cv_prog_cc_c_o=yes
lt_cv_ar_at_file=@
lt_cv_deplibs_check_method=pass_all
lt_cv_file_magic_cmd='$MAGIC_CMD'
lt_cv_file_magic_test_file=
lt_cv_ld_reload_flag=-r
lt_cv_nm_interface='BSD nm'
lt_cv_objdir=.libs
lt_cv_path_LD=/usr/bin/ld
lt_cv_path_LDCXX=/usr/bin/ld
lt_cv_path_NM='/usr/bin/nm -B'
lt_cv_path_mainfest_tool=no
lt_cv_prog_compiler_c_o=yes
lt_cv_prog_compiler_c_o_CXX=yes
lt_cv_prog_compiler_pic='-fPIC -DPIC'
lt_cv_prog_compiler_pic_CXX='-fPIC -DPIC'
lt_cv_prog_compiler_pic_works=yes
lt_cv_prog_compiler_pic_works_CXX=yes
lt_cv_prog_compiler_rtti_exceptions=no
lt_cv_prog_compiler_static_works=yes
lt_cv_prog_compiler_static_works_CXX=yes
lt_cv_prog_gnu_ld=yes
lt_cv_prog_gnu_ldcxx=yes
lt_cv_sharedlib_from_linklib_cmd='printf %s\n'
lt_cv_shlibpath_overrides_runpath=yes
lt_cv_sys_global_symbol_pipe='sed -n -e '\''s/^.*[	 ]\([ABCDGIRSTW][ABCDGIRSTW]*\)[	 ][	 ]*\([_A-Za-z][_A-Za-z0-9]*\)$/\1 \2 \2/p'\'' | sed '\''/ __gnu_lto/d'\'''
lt_cv_sys_global_symbol_to_c_name_address='sed -n -e '\''s/^: \(.*\) .*$/  {"\1", (void *) 0},/p'\'' -e '\''s/^[ABCDGIRSTW][ABCDGIRSTW]* .* \(.*\)$/  {"\1", (void *) \&\1},/p'\'''
lt_cv_sys_global_symbol_to_c_name_address_lib_prefix='sed -n -e '\''s/^: \(.*\) .*$/  {"\1", (void *) 0},/p'\'' -e '\''s/^[ABCDGIRSTW][ABCDGIRSTW]* .* \(lib.*\)$/  {"\1", (void *) \&\1},/p'\'' -e '\''s/^[ABCDGIRSTW][ABCDGIRSTW]* .* \(.*\)$/  {"lib\1", (void *) \&\1},/p'\'''
lt_cv_sys_global_symbol_to_cdecl='sed -n -e '\''s/^T .* \(.*\)$/extern int \1();/p'\'' -e '\''s/^[ABCDGIRSTW][ABCDGIRSTW]* .* \(.*\)$/extern char \1;/p'\'''
lt_cv_sys_global_symbol_to_import=
lt_cv_sys_max_cmd_len=1572864
lt_cv_to_host_file_cmd=func_convert_file_noop
lt_cv_to_tool_file_cmd=func_convert_file_noop
lt_cv_truncate_bin='/usr/bin/dd bs=4096 count=1'

## ----------------- ##
## Output variables. ##
## ----------------- ##

ACLOCAL='${SHELL} /root/alliedmodders/sourcemod/extensions/sm-ext-voice/pb/protobuf-master/missing aclocal-1.16'
AMDEPBACKSLASH='\'
AMDEP_FALSE='#'
AMDEP_TRUE=''
AMTAR='$${TAR-tar}'
AM_BACKSLASH='\'
AM_DEFAULT_V='$(AM_DEFAULT_VERBOSITY)'
AM_DEFAULT_VERBOSITY='1'
AM_V='$(V)'
AR='ar'
AUTOCONF='${SHELL} /root/alliedmodders/sourcemod/extensions/sm-ext-voice/pb/protobuf-master/missing autoconf'
AUTOHEADER='${SHELL} /root/alliedmodders/sourcemod/extensions/sm-ext-voice/pb/protobuf-master/missing autoheader'
AUTOMAKE='${SHELL} /root/alliedmodders/sourcemod/extensions/sm-ext-voice/pb/protobuf-master/missing automake-1.16'
AWK='gawk'
CC='gcc'
CCDEPMODE='depmode=gcc3'
CFLAGS='-m32 -D_GLIBCXX_USE_CXX11_ABI=0 -std=c++14'
CPPFLAGS=''
CXX='g++'
CXXCPP='g++ -E'
CXXDEPMODE='depmode=gcc3'
CXXFLAGS='-m32 -D_GLIBCXX_USE_CXX11_ABI=0 -std=c++14'
CYGPATH_W='echo'
DEFS='-DHAVE_CONFIG_H'
DEPDIR='.deps'
DLLTOOL='false'
DSYMUTIL=''
DUMPBIN=''
ECHO_C=''
ECHO_N='-n'
ECHO_T=''
EGREP='/usr/bin/grep -E'
EXEEXT=''
FGREP='/usr/bin/grep -F'
GCC_FALSE='#'
GCC_TRUE=''
GREP='/usr/bin/grep'
HAVE_ZLIB_FALSE='#'
HAVE_ZLIB_TRUE=''
INSTALL_DATA='${INSTALL} -m 644'
INSTALL_PROGRAM='${INSTALL}'
INSTALL_SCRIPT='${INSTALL}'
INSTALL_STRIP_PROGRAM='$(install_sh) -c -s'
ISAINFO=''
LD='/usr/bin/ld'
LDFLAGS='-m32 -D_GLIBCXX_USE_CXX11_ABI=0 -std=c++14'
LIBOBJS=''
LIBS='-lz '
LIBTOOL='$(SHELL) $(top_builddir)/libtool'
LIPO=''
LN_S='ln -s'
LTLIBOBJS=''
LT_SYS_LIBRARY_PATH=''
MAINT=''
MAINTAINER_MODE_FALSE='#'
MAINTAINER_MODE_TRUE=''
MAKEINFO='${SHELL} /root/alliedmodders/sourcemod/extensions/sm-ext-voice/pb/protobuf-master/missing makeinfo'
MANIFEST_TOOL=':'
MKDIR_P='/usr/bin/mkdir -p'
NM='/usr/bin/nm -B'
NMEDIT=''
OBJDUMP='objdump'
OBJEXT='o'
OTOOL64=''
OTOOL=''
PACKAGE='protobuf'
PACKAGE_BUGREPORT='protobuf@googlegroups.com'
PACKAGE_NAME='Protocol Buffers'
PACKAGE_STRING='Protocol Buffers 2.5.0'
PACKAGE_TARNAME='protobuf'
PACKAGE_URL=''
PACKAGE_VERSION='2.5.0'
PATH_SEPARATOR=':'
POW_LIB=''
PROTOBUF_OPT_FLAG=''
PROTOC=''
PTHREAD_CC='gcc'
PTHREAD_CFLAGS='-pthread'
PTHREAD_LIBS=' -lpthread'
RANLIB='ranlib'
SED='/usr/bin/sed'
SET_MAKE=''
SHELL='/bin/bash'
STRIP='strip'
USE_EXTERNAL_PROTOC_FALSE=''
USE_EXTERNAL_PROTOC_TRUE='#'
VERSION='2.5.0'
ac_ct_AR='ar'
ac_ct_CC='gcc'
ac_ct_CXX='g++'
ac_ct_DUMPBIN=''
acx_pthread_config=''
am__EXEEXT_FALSE=''
am__EXEEXT_TRUE='#'
am__fastdepCC_FALSE='#'
am__fastdepCC_TRUE=''
am__fastdepCXX_FALSE='#'
am__fastdepCXX_TRUE=''
am__include='include'
am__isrc=''
am__leading_dot='.'
am__nodep='_no'
am__quote=''
am__tar='$${TAR-tar} chof - "$$tardir"'
am__untar='$${TAR-tar} xf -'
bindir='${exec_prefix}/bin'
build='i686-pc-linux-gnu'
build_alias='i686-pc-linux-gnu'
build_cpu='i686'
build_os='linux-gnu'
build_vendor='pc'
datadir='${datarootdir}'
datarootdir='${prefix}/share'
docdir='${datarootdir}/doc/${PACKAGE_TARNAME}'
dvidir='${docdir}'
exec_prefix='${prefix}'
host='i686-pc-linux-gnu'
host_alias=''
host_cpu='i686'
host_os='linux-gnu'
host_vendor='pc'
htmldir='${docdir}'
includedir='${prefix}/include'
infodir='${datarootdir}/info'
install_sh='${SHELL} /root/alliedmodders/sourcemod/extensions/sm-ext-voice/pb/protobuf-master/install-sh'
libdir='${exec_prefix}/lib'
libexecdir='${exec_prefix}/libexec'
localedir='${datarootdir}/locale'
localstatedir='${prefix}/var'
mandir='${datarootdir}/man'
mkdir_p='$(MKDIR_P)'
oldincludedir='/usr/include'
pdfdir='${docdir}'
prefix='/root/alliedmodders/sourcemod/extensions/sm-ext-voice/pb'
program_transform_name='s,x,x,'
psdir='${docdir}'
runstatedir='${localstatedir}/run'
sbindir='${exec_prefix}/sbin'
sharedstatedir='${prefix}/com'
subdirs=' gtest'
sysconfdir='${prefix}/etc'
target='i686-pc-linux-gnu'
target_alias=''
target_cpu='i686'
target_os='linux-gnu'
target_vendor='pc'

## ----------- ##
## confdefs.h. ##
## ----------- ##

/* confdefs.h */
#define PACKAGE_NAME "Protocol Buffers"
#define PACKAGE_TARNAME "protobuf"
#define PACKAGE_VERSION "2.5.0"
#define PACKAGE_STRING "Protocol Buffers 2.5.0"
#define PACKAGE_BUGREPORT "protobuf@googlegroups.com"
#define PACKAGE_URL ""
#define PACKAGE "protobuf"
#define VERSION "2.5.0"
#define STDC_HEADERS 1
#define HAVE_SYS_TYPES_H 1
#define HAVE_SYS_STAT_H 1
#define HAVE_STDLIB_H 1
#define HAVE_STRING_H 1
#define HAVE_MEMORY_H 1
#define HAVE_STRINGS_H 1
#define HAVE_INTTYPES_H 1
#define HAVE_STDINT_H 1
#define HAVE_UNISTD_H 1
#define __EXTENSIONS__ 1
#define _ALL_SOURCE 1
#define _GNU_SOURCE 1
#define _POSIX_PTHREAD_SEMANTICS 1
#define _TANDEM_SOURCE 1
#define HAVE_DLFCN_H 1
#define LT_OBJDIR ".libs/"
#define STDC_HEADERS 1
#define HAVE_FCNTL_H 1
#define HAVE_INTTYPES_H 1
#define HAVE_LIMITS_H 1
#define HAVE_STDLIB_H 1
#define HAVE_UNISTD_H 1
#define HAVE_FTRUNCATE 1
#define HAVE_MEMSET 1
#define HAVE_MKDIR 1
#define HAVE_STRCHR 1
#define HAVE_STRERROR 1
#define HAVE_STRTOL 1
#define HAVE_ZLIB 1
#define HAVE_PTHREAD 1
#define HAVE_HASH_MAP 1
#define HAVE_HASH_SET 1
#define HASH_MAP_H <unordered_map>
#define HASH_SET_H <unordered_set>
#define HASH_NAMESPACE std
#define HASH_MAP_CLASS unordered_map
#define HASH_SET_CLASS unordered_set

configure: exit 0
